<?xml version="1.0" encoding="UTF-8"?>
<!-- Generated by org.testng.reporters.JUnitReportReporter -->
<testsuite hostname="DESKTOP-BCA0O6J" failures="0" tests="1" name="testCases.TC_001_AccountRegistrationTest" time="0.676" errors="0" timestamp="2023-06-06T17:30:57 EDT" skipped="0">
  <testcase classname="testCases.TC_001_AccountRegistrationTest" name="test_account_Registration" time="0.676"/>
  <system-out/>
</testsuite> <!-- testCases.TC_001_AccountRegistrationTest -->
